Apr 15, 2024 6:59:11 PM edu.curtin.app.WBSEditorApp main
INFO: Reading Sample File of Task Data
Apr 15, 2024 6:59:20 PM edu.curtin.app.WBSEditorApp estimateEffort
INFO: Estimating Effort ...
Apr 15, 2024 6:59:37 PM edu.curtin.app.SimpleTask calculateFinalEstimate
INFO: Effort for Task D Set Successfully
Apr 15, 2024 6:59:54 PM edu.curtin.app.SimpleTask calculateFinalEstimate
INFO: Effort for Task E Set Successfully
Apr 15, 2024 7:00:18 PM edu.curtin.app.SimpleTask calculateFinalEstimate
INFO: Effort for Task F Set Successfully
Apr 15, 2024 7:00:34 PM edu.curtin.app.SimpleTask calculateFinalEstimate
INFO: Effort for Task G Set Successfully
Apr 15, 2024 7:00:34 PM edu.curtin.app.WBSEditorApp estimateEffort
INFO: Effort Estimates Updated Successfully
Apr 15, 2024 7:00:45 PM edu.curtin.app.WBSEditorApp configure
INFO: Configuring Settings ...
Apr 15, 2024 7:00:49 PM edu.curtin.app.WBSEditorApp configure
INFO: Configuration Settings Updated Successfully
Apr 15, 2024 7:00:53 PM edu.curtin.app.WBSEditorApp estimateEffort
INFO: Estimating Effort ...
Apr 15, 2024 7:01:02 PM edu.curtin.app.SimpleTask calculateFinalEstimate
INFO: Effort for Task G Set Successfully
Apr 15, 2024 7:01:02 PM edu.curtin.app.WBSEditorApp estimateEffort
INFO: Effort Estimates Updated Successfully
Apr 15, 2024 7:01:06 PM edu.curtin.app.WBSEditorApp main
INFO: Updating WBS Data in Sample File
