May 29, 2024 5:49:35 PM edu.curtin.oose2024s1.assignment2.App main
INFO: Bike Shop Simulation Commenced
May 29, 2024 5:49:35 PM edu.curtin.oose2024s1.assignment2.App main
INFO: Process Messages
May 29, 2024 5:49:35 PM edu.curtin.oose2024s1.assignment2.App main
INFO: Day 0 Completed
May 29, 2024 5:49:36 PM edu.curtin.oose2024s1.assignment2.App main
INFO: Process Messages
May 29, 2024 5:49:36 PM edu.curtin.oose2024s1.assignment2.App main
INFO: Day 1 Completed
May 29, 2024 5:49:37 PM edu.curtin.oose2024s1.assignment2.App main
INFO: Process Messages
May 29, 2024 5:49:37 PM edu.curtin.oose2024s1.assignment2.App processMessages
INFO: FAILURE: Invalid Message
May 29, 2024 5:49:37 PM edu.curtin.oose2024s1.assignment2.App processMessages
INFO: FAILURE: Invalid Message
May 29, 2024 5:49:37 PM edu.curtin.oose2024s1.assignment2.App main
INFO: Day 2 Completed
May 29, 2024 5:49:38 PM edu.curtin.oose2024s1.assignment2.App main
INFO: Process Messages
May 29, 2024 5:49:38 PM edu.curtin.oose2024s1.assignment2.App main
INFO: Day 3 Completed
May 29, 2024 5:49:39 PM edu.curtin.oose2024s1.assignment2.App main
INFO: Process Messages
May 29, 2024 5:49:39 PM edu.curtin.oose2024s1.assignment2.App main
INFO: Day 4 Completed
May 29, 2024 5:49:40 PM edu.curtin.oose2024s1.assignment2.App main
INFO: Process Messages
May 29, 2024 5:49:40 PM edu.curtin.oose2024s1.assignment2.App main
INFO: Day 5 Completed
May 29, 2024 5:49:41 PM edu.curtin.oose2024s1.assignment2.App main
INFO: Process Messages
May 29, 2024 5:49:41 PM edu.curtin.oose2024s1.assignment2.App main
INFO: Day 6 Completed
May 29, 2024 5:49:42 PM edu.curtin.oose2024s1.assignment2.App main
INFO: Process Messages
May 29, 2024 5:49:42 PM edu.curtin.oose2024s1.assignment2.App main
INFO: Day 7 Completed
May 29, 2024 5:49:43 PM edu.curtin.oose2024s1.assignment2.App main
INFO: Process Messages
May 29, 2024 5:49:43 PM edu.curtin.oose2024s1.assignment2.App main
INFO: Day 8 Completed
May 29, 2024 5:49:45 PM edu.curtin.oose2024s1.assignment2.App main
INFO: Process Messages
May 29, 2024 5:49:45 PM edu.curtin.oose2024s1.assignment2.App main
INFO: Day 9 Completed
May 29, 2024 5:49:46 PM edu.curtin.oose2024s1.assignment2.App main
INFO: Process Messages
May 29, 2024 5:49:46 PM edu.curtin.oose2024s1.assignment2.App main
INFO: Day 10 Completed
May 29, 2024 5:49:47 PM edu.curtin.oose2024s1.assignment2.App main
INFO: Bike Shop Simulation Ended
